<?xml version="1.0" encoding="UTF-8"?>
<robot generator="Robot 3.1.2 (Python 3.7.4 on win32)" generated="20191206 11:59:05.514" rpa="false">
<suite id="s1" name="TestSuite1" source="C:\Users\MNEFZI\Desktop\workspace\eclipse_2019\RobotProject1\test\TestSuite1.robot">
<kw name="Log" library="BuiltIn" type="setup">
<doc>Logs the given message with the given level.</doc>
<arguments>
<arg>I am inside Test suite setup</arg>
</arguments>
<msg timestamp="20191206 11:59:05.676" level="INFO">I am inside Test suite setup</msg>
<status status="PASS" starttime="20191206 11:59:05.676" endtime="20191206 11:59:05.676"></status>
</kw>
<test id="s1-t1" name="Firsttest">
<kw name="Log" library="BuiltIn" type="setup">
<doc>Logs the given message with the given level.</doc>
<arguments>
<arg>I am inside Test suite setup</arg>
</arguments>
<msg timestamp="20191206 11:59:05.677" level="INFO">I am inside Test suite setup</msg>
<status status="PASS" starttime="20191206 11:59:05.677" endtime="20191206 11:59:05.677"></status>
</kw>
<kw name="Log" library="BuiltIn">
<doc>Logs the given message with the given level.</doc>
<arguments>
<arg>hello world...</arg>
</arguments>
<msg timestamp="20191206 11:59:05.677" level="INFO">hello world...</msg>
<status status="PASS" starttime="20191206 11:59:05.677" endtime="20191206 11:59:05.677"></status>
</kw>
<kw name="Log" library="BuiltIn" type="teardown">
<doc>Logs the given message with the given level.</doc>
<arguments>
<arg>I am inside Test suite teardown</arg>
</arguments>
<msg timestamp="20191206 11:59:05.678" level="INFO">I am inside Test suite teardown</msg>
<status status="PASS" starttime="20191206 11:59:05.678" endtime="20191206 11:59:05.678"></status>
</kw>
<tags>
<tag>regression1</tag>
<tag>smoke</tag>
</tags>
<status status="PASS" starttime="20191206 11:59:05.676" endtime="20191206 11:59:05.678" critical="yes"></status>
</test>
<kw name="Log" library="BuiltIn" type="teardown">
<doc>Logs the given message with the given level.</doc>
<arguments>
<arg>I am inside Test suite teardown</arg>
</arguments>
<msg timestamp="20191206 11:59:05.679" level="INFO">I am inside Test suite teardown</msg>
<status status="PASS" starttime="20191206 11:59:05.679" endtime="20191206 11:59:05.679"></status>
</kw>
<status status="PASS" starttime="20191206 11:59:05.515" endtime="20191206 11:59:05.679"></status>
</suite>
<statistics>
<total>
<stat pass="1" fail="0">Critical Tests</stat>
<stat pass="1" fail="0">All Tests</stat>
</total>
<tag>
<stat pass="1" fail="0">regression1</stat>
<stat pass="1" fail="0">smoke</stat>
</tag>
<suite>
<stat pass="1" fail="0" id="s1" name="TestSuite1">TestSuite1</stat>
</suite>
</statistics>
<errors>
<msg timestamp="20191206 11:59:05.508" level="WARN">Collapsing consecutive whitespace during parsing is deprecated. Fix ' #' in file 'C:\Users\MNEFZI\Desktop\workspace\eclipse_2019\RobotProject1\test\TestSuite1.robot' on line 20.</msg>
<msg timestamp="20191206 11:59:05.508" level="WARN">Collapsing consecutive whitespace during parsing is deprecated. Fix ' #' in file 'C:\Users\MNEFZI\Desktop\workspace\eclipse_2019\RobotProject1\test\TestSuite1.robot' on line 21.</msg>
<msg timestamp="20191206 11:59:05.509" level="WARN">Collapsing consecutive whitespace during parsing is deprecated. Fix ' #' in file 'C:\Users\MNEFZI\Desktop\workspace\eclipse_2019\RobotProject1\test\TestSuite1.robot' on line 25.</msg>
<msg timestamp="20191206 11:59:05.509" level="WARN">Collapsing consecutive whitespace during parsing is deprecated. Fix ' #' in file 'C:\Users\MNEFZI\Desktop\workspace\eclipse_2019\RobotProject1\test\TestSuite1.robot' on line 26.</msg>
<msg timestamp="20191206 11:59:05.509" level="WARN">Collapsing consecutive whitespace during parsing is deprecated. Fix ' #' in file 'C:\Users\MNEFZI\Desktop\workspace\eclipse_2019\RobotProject1\test\TestSuite1.robot' on line 30.</msg>
</errors>
</robot>
